{"level":"info","message":"hello every one"}
{"level":"info","message":"hello every one"}
2021-10-16T08:45:15.393Z [right meow!] info: hello every one
undefined [undefined] info: hello every one
2021-10-16T08:47:29.055Z [right meow!] info: hello every one
2021-10-16T08:55:05.067Z [right meow!] info: hello every one
{
  message: 'hello every one',
  level: 'info',
  label: 'right meow!',
  timestamp: '2021-10-16T08:57:29.673Z'
}
2021-10-16T08:58:03.677Z [right meow!] info: hello every one
{
  message: 'hello every one',
  level: 'info',
  label: 'right meow!',
  timestamp: '2021-10-16T08:58:38.795Z'
}
{
  message: 'hello every one',
  level: '\x1B[32minfo\x1B[39m',
  label: 'right meow!',
  timestamp: '2021-10-16T10:11:22.480Z'
}
2021-10-16T10:11:46.614Z [right meow!] [32minfo[39m: hello every one
2021-10-16T10:12:05.676Z [right meow!] [31merror[39m: hello every one
