{
  message: 'gell all data',
  level: '\x1B[32minfo\x1B[39m',
  label: 'right meow!',
  timestamp: '2021-10-27T13:42:29.054Z'
}
{
  message: 'gell single data bycali@gmail.com',
  level: '\x1B[32minfo\x1B[39m',
  label: 'right meow!',
  timestamp: '2021-10-27T13:43:06.462Z'
}
{
  message: 'gell all data',
  level: '\x1B[32minfo\x1B[39m',
  label: 'right meow!',
  timestamp: '2021-10-27T15:35:17.181Z'
}
{
  message: 'gell all data',
  level: '\x1B[32minfo\x1B[39m',
  label: 'right meow!',
  timestamp: '2021-10-27T15:36:57.768Z'
}
{
  message: 'unknown api',
  level: '\x1B[32minfo\x1B[39m',
  label: 'right meow!',
  timestamp: '2021-10-31T14:37:02.652Z'
}
{
  message: 'unknown api',
  level: '\x1B[32minfo\x1B[39m',
  label: 'right meow!',
  timestamp: '2021-10-31T14:38:07.115Z'
}
{
  message: 'unknown api',
  level: '\x1B[32minfo\x1B[39m',
  label: 'right meow!',
  timestamp: '2021-10-31T14:38:37.576Z'
}
{
  message: 'unknown api',
  level: '\x1B[32minfo\x1B[39m',
  label: 'right meow!',
  timestamp: '2021-10-31T14:38:47.532Z'
}
{
  message: 'unknown api',
  level: '\x1B[32minfo\x1B[39m',
  label: 'right meow!',
  timestamp: '2021-10-31T14:39:14.348Z'
}
{
  message: 'unknown api',
  level: '\x1B[32minfo\x1B[39m',
  label: 'right meow!',
  timestamp: '2021-10-31T14:39:34.678Z'
}
{
  message: 'unknown api',
  level: '\x1B[32minfo\x1B[39m',
  label: 'right meow!',
  timestamp: '2021-10-31T14:40:02.825Z'
}
{
  message: 'unknown api',
  level: '\x1B[32minfo\x1B[39m',
  label: 'right meow!',
  timestamp: '2021-10-31T14:40:05.178Z'
}
{
  message: 'unknown api',
  level: '\x1B[32minfo\x1B[39m',
  label: 'right meow!',
  timestamp: '2021-10-31T14:41:54.956Z'
}
{
  message: 'unknown api',
  level: '\x1B[32minfo\x1B[39m',
  label: 'right meow!',
  timestamp: '2021-10-31T14:42:35.792Z'
}
{
  message: 'unknown api',
  level: '\x1B[32minfo\x1B[39m',
  label: 'right meow!',
  timestamp: '2021-10-31T14:42:39.432Z'
}
{
  message: 'unknown api',
  level: '\x1B[32minfo\x1B[39m',
  label: 'right meow!',
  timestamp: '2021-10-31T14:44:57.450Z'
}
{
  message: 'unknown api',
  level: '\x1B[32minfo\x1B[39m',
  label: 'right meow!',
  timestamp: '2021-10-31T14:45:34.703Z'
}
{
  message: 'unknown api',
  level: '\x1B[32minfo\x1B[39m',
  label: 'right meow!',
  timestamp: '2021-10-31T14:45:42.024Z'
}
{
  message: 'unknown api',
  level: '\x1B[32minfo\x1B[39m',
  label: 'right meow!',
  timestamp: '2021-10-31T14:45:44.379Z'
}
{
  message: 'unknown api',
  level: '\x1B[32minfo\x1B[39m',
  label: 'right meow!',
  timestamp: '2021-10-31T14:47:35.171Z'
}
{
  message: 'unknown api',
  level: '\x1B[32minfo\x1B[39m',
  label: 'right meow!',
  timestamp: '2021-10-31T14:47:46.242Z'
}
{
  message: 'unknown api',
  level: '\x1B[32minfo\x1B[39m',
  label: 'right meow!',
  timestamp: '2021-10-31T14:47:48.396Z'
}
{
  message: 'gell all data',
  level: '\x1B[32minfo\x1B[39m',
  label: 'right meow!',
  timestamp: '2021-10-31T14:51:00.460Z'
}
{
  message: 'gell all data',
  level: '\x1B[32minfo\x1B[39m',
  label: 'right meow!',
  timestamp: '2021-10-31T14:54:58.582Z'
}
{
  message: 'gell all data',
  level: '\x1B[32minfo\x1B[39m',
  label: 'right meow!',
  timestamp: '2021-10-31T15:18:02.177Z'
}
{
  message: 'unknown api',
  level: '\x1B[32minfo\x1B[39m',
  label: 'right meow!',
  timestamp: '2021-10-31T15:20:13.168Z'
}
{
  message: 'gell all data',
  level: '\x1B[32minfo\x1B[39m',
  label: 'right meow!',
  timestamp: '2021-10-31T15:55:41.205Z'
}
{
  message: 'gell all data',
  level: '\x1B[32minfo\x1B[39m',
  label: 'right meow!',
  timestamp: '2021-10-31T15:55:53.264Z'
}
{
  message: 'gell all data',
  level: '\x1B[32minfo\x1B[39m',
  label: 'right meow!',
  timestamp: '2021-10-31T15:55:55.498Z'
}
{
  message: 'unknown api',
  level: '\x1B[32minfo\x1B[39m',
  label: 'right meow!',
  timestamp: '2021-10-31T16:47:24.193Z'
}
{
  message: 'unknown api',
  level: '\x1B[32minfo\x1B[39m',
  label: 'right meow!',
  timestamp: '2021-10-31T16:47:24.402Z'
}
{
  message: 'unknown api',
  level: '\x1B[32minfo\x1B[39m',
  label: 'right meow!',
  timestamp: '2021-10-31T16:47:24.455Z'
}
{
  message: 'unknown api',
  level: '\x1B[32minfo\x1B[39m',
  label: 'right meow!',
  timestamp: '2021-10-31T16:47:24.540Z'
}
{
  message: 'unknown api',
  level: '\x1B[32minfo\x1B[39m',
  label: 'right meow!',
  timestamp: '2021-10-31T16:47:24.599Z'
}
{
  message: 'unknown api',
  level: '\x1B[32minfo\x1B[39m',
  label: 'right meow!',
  timestamp: '2021-10-31T16:47:24.857Z'
}
{
  message: 'unknown api',
  level: '\x1B[32minfo\x1B[39m',
  label: 'right meow!',
  timestamp: '2021-10-31T16:47:24.967Z'
}
{
  message: 'unknown api',
  level: '\x1B[32minfo\x1B[39m',
  label: 'right meow!',
  timestamp: '2021-10-31T16:47:25.075Z'
}
{
  message: 'unknown api',
  level: '\x1B[32minfo\x1B[39m',
  label: 'right meow!',
  timestamp: '2021-10-31T16:47:25.158Z'
}
{
  message: 'unknown api',
  level: '\x1B[32minfo\x1B[39m',
  label: 'right meow!',
  timestamp: '2021-10-31T16:47:25.221Z'
}
{
  message: 'unknown api',
  level: '\x1B[32minfo\x1B[39m',
  label: 'right meow!',
  timestamp: '2021-10-31T16:47:25.497Z'
}
{
  message: 'unknown api',
  level: '\x1B[32minfo\x1B[39m',
  label: 'right meow!',
  timestamp: '2021-10-31T16:47:25.572Z'
}
{
  message: 'unknown api',
  level: '\x1B[32minfo\x1B[39m',
  label: 'right meow!',
  timestamp: '2021-10-31T16:47:25.640Z'
}
{
  message: 'unknown api',
  level: '\x1B[32minfo\x1B[39m',
  label: 'right meow!',
  timestamp: '2021-10-31T16:47:25.730Z'
}
{
  message: 'unknown api',
  level: '\x1B[32minfo\x1B[39m',
  label: 'right meow!',
  timestamp: '2021-10-31T16:47:25.808Z'
}
{
  message: 'unknown api',
  level: '\x1B[32minfo\x1B[39m',
  label: 'right meow!',
  timestamp: '2021-10-31T16:47:25.887Z'
}
{
  message: 'unknown api',
  level: '\x1B[32minfo\x1B[39m',
  label: 'right meow!',
  timestamp: '2021-10-31T16:47:26.064Z'
}
{
  message: 'unknown api',
  level: '\x1B[32minfo\x1B[39m',
  label: 'right meow!',
  timestamp: '2021-10-31T16:47:26.132Z'
}
{
  message: 'unknown api',
  level: '\x1B[32minfo\x1B[39m',
  label: 'right meow!',
  timestamp: '2021-10-31T16:47:26.210Z'
}
{
  message: 'unknown api',
  level: '\x1B[32minfo\x1B[39m',
  label: 'right meow!',
  timestamp: '2021-10-31T16:47:26.289Z'
}
{
  message: 'unknown api',
  level: '\x1B[32minfo\x1B[39m',
  label: 'right meow!',
  timestamp: '2021-10-31T16:47:26.335Z'
}
{
  message: 'unknown api',
  level: '\x1B[32minfo\x1B[39m',
  label: 'right meow!',
  timestamp: '2021-10-31T16:47:26.427Z'
}
{
  message: 'unknown api',
  level: '\x1B[32minfo\x1B[39m',
  label: 'right meow!',
  timestamp: '2021-10-31T16:47:26.551Z'
}
{
  message: 'unknown api',
  level: '\x1B[32minfo\x1B[39m',
  label: 'right meow!',
  timestamp: '2021-10-31T16:47:26.605Z'
}
{
  message: 'unknown api',
  level: '\x1B[32minfo\x1B[39m',
  label: 'right meow!',
  timestamp: '2021-10-31T16:47:26.867Z'
}
{
  message: 'unknown api',
  level: '\x1B[32minfo\x1B[39m',
  label: 'right meow!',
  timestamp: '2021-10-31T16:47:26.927Z'
}
{
  message: 'unknown api',
  level: '\x1B[32minfo\x1B[39m',
  label: 'right meow!',
  timestamp: '2021-10-31T16:47:26.998Z'
}
{
  message: 'unknown api',
  level: '\x1B[32minfo\x1B[39m',
  label: 'right meow!',
  timestamp: '2021-10-31T16:47:27.064Z'
}
{
  message: 'unknown api',
  level: '\x1B[32minfo\x1B[39m',
  label: 'right meow!',
  timestamp: '2021-10-31T16:47:27.157Z'
}
{
  message: 'unknown api',
  level: '\x1B[32minfo\x1B[39m',
  label: 'right meow!',
  timestamp: '2021-10-31T16:47:27.219Z'
}
{
  message: 'unknown api',
  level: '\x1B[32minfo\x1B[39m',
  label: 'right meow!',
  timestamp: '2021-10-31T16:47:27.283Z'
}
{
  message: 'unknown api',
  level: '\x1B[32minfo\x1B[39m',
  label: 'right meow!',
  timestamp: '2021-10-31T16:47:27.356Z'
}
{
  message: 'unknown api',
  level: '\x1B[32minfo\x1B[39m',
  label: 'right meow!',
  timestamp: '2021-10-31T16:47:27.431Z'
}
{
  message: 'unknown api',
  level: '\x1B[32minfo\x1B[39m',
  label: 'right meow!',
  timestamp: '2021-10-31T16:47:27.509Z'
}
{
  message: 'unknown api',
  level: '\x1B[32minfo\x1B[39m',
  label: 'right meow!',
  timestamp: '2021-10-31T16:47:27.589Z'
}
{
  message: 'unknown api',
  level: '\x1B[32minfo\x1B[39m',
  label: 'right meow!',
  timestamp: '2021-10-31T16:47:27.689Z'
}
{
  message: 'unknown api',
  level: '\x1B[32minfo\x1B[39m',
  label: 'right meow!',
  timestamp: '2021-10-31T16:47:27.773Z'
}
{
  message: 'unknown api',
  level: '\x1B[32minfo\x1B[39m',
  label: 'right meow!',
  timestamp: '2021-10-31T16:47:27.866Z'
}
{
  message: 'unknown api',
  level: '\x1B[32minfo\x1B[39m',
  label: 'right meow!',
  timestamp: '2021-10-31T16:47:27.932Z'
}
{
  message: 'unknown api',
  level: '\x1B[32minfo\x1B[39m',
  label: 'right meow!',
  timestamp: '2021-10-31T16:47:28.021Z'
}
{
  message: 'unknown api',
  level: '\x1B[32minfo\x1B[39m',
  label: 'right meow!',
  timestamp: '2021-10-31T16:47:28.097Z'
}
{
  message: 'unknown api',
  level: '\x1B[32minfo\x1B[39m',
  label: 'right meow!',
  timestamp: '2021-10-31T16:47:28.175Z'
}
{
  message: 'unknown api',
  level: '\x1B[32minfo\x1B[39m',
  label: 'right meow!',
  timestamp: '2021-10-31T16:47:28.242Z'
}
{
  message: 'unknown api',
  level: '\x1B[32minfo\x1B[39m',
  label: 'right meow!',
  timestamp: '2021-10-31T16:47:28.329Z'
}
{
  message: 'unknown api',
  level: '\x1B[32minfo\x1B[39m',
  label: 'right meow!',
  timestamp: '2021-10-31T16:47:28.380Z'
}
{
  message: 'unknown api',
  level: '\x1B[32minfo\x1B[39m',
  label: 'right meow!',
  timestamp: '2021-10-31T16:47:28.460Z'
}
{
  message: 'unknown api',
  level: '\x1B[32minfo\x1B[39m',
  label: 'right meow!',
  timestamp: '2021-10-31T16:47:28.539Z'
}
{
  message: 'unknown api',
  level: '\x1B[32minfo\x1B[39m',
  label: 'right meow!',
  timestamp: '2021-10-31T16:47:28.627Z'
}
{
  message: 'unknown api',
  level: '\x1B[32minfo\x1B[39m',
  label: 'right meow!',
  timestamp: '2021-10-31T16:47:28.687Z'
}
{
  message: 'unknown api',
  level: '\x1B[32minfo\x1B[39m',
  label: 'right meow!',
  timestamp: '2021-10-31T16:47:28.752Z'
}
{
  message: 'unknown api',
  level: '\x1B[32minfo\x1B[39m',
  label: 'right meow!',
  timestamp: '2021-10-31T16:47:28.842Z'
}
{
  message: 'unknown api',
  level: '\x1B[32minfo\x1B[39m',
  label: 'right meow!',
  timestamp: '2021-10-31T16:47:28.892Z'
}
{
  message: 'unknown api',
  level: '\x1B[32minfo\x1B[39m',
  label: 'right meow!',
  timestamp: '2021-10-31T16:47:28.972Z'
}
{
  message: 'unknown api',
  level: '\x1B[32minfo\x1B[39m',
  label: 'right meow!',
  timestamp: '2021-10-31T16:47:29.060Z'
}
{
  message: 'unknown api',
  level: '\x1B[32minfo\x1B[39m',
  label: 'right meow!',
  timestamp: '2021-10-31T16:47:29.129Z'
}
{
  message: 'unknown api',
  level: '\x1B[32minfo\x1B[39m',
  label: 'right meow!',
  timestamp: '2021-10-31T16:47:29.215Z'
}
{
  message: 'unknown api',
  level: '\x1B[32minfo\x1B[39m',
  label: 'right meow!',
  timestamp: '2021-10-31T16:47:29.293Z'
}
{
  message: 'unknown api',
  level: '\x1B[32minfo\x1B[39m',
  label: 'right meow!',
  timestamp: '2021-10-31T16:47:29.395Z'
}
{
  message: 'unknown api',
  level: '\x1B[32minfo\x1B[39m',
  label: 'right meow!',
  timestamp: '2021-10-31T16:47:29.494Z'
}
{
  message: 'unknown api',
  level: '\x1B[32minfo\x1B[39m',
  label: 'right meow!',
  timestamp: '2021-10-31T16:47:29.542Z'
}
{
  message: 'unknown api',
  level: '\x1B[32minfo\x1B[39m',
  label: 'right meow!',
  timestamp: '2021-10-31T16:47:29.633Z'
}
{
  message: 'unknown api',
  level: '\x1B[32minfo\x1B[39m',
  label: 'right meow!',
  timestamp: '2021-10-31T16:47:29.684Z'
}
{
  message: 'unknown api',
  level: '\x1B[32minfo\x1B[39m',
  label: 'right meow!',
  timestamp: '2021-10-31T16:47:29.745Z'
}
{
  message: 'unknown api',
  level: '\x1B[32minfo\x1B[39m',
  label: 'right meow!',
  timestamp: '2021-10-31T16:47:29.820Z'
}
{
  message: 'unknown api',
  level: '\x1B[32minfo\x1B[39m',
  label: 'right meow!',
  timestamp: '2021-10-31T16:47:29.900Z'
}
{
  message: 'unknown api',
  level: '\x1B[32minfo\x1B[39m',
  label: 'right meow!',
  timestamp: '2021-10-31T16:47:29.967Z'
}
{
  message: 'unknown api',
  level: '\x1B[32minfo\x1B[39m',
  label: 'right meow!',
  timestamp: '2021-10-31T16:47:30.025Z'
}
{
  message: 'unknown api',
  level: '\x1B[32minfo\x1B[39m',
  label: 'right meow!',
  timestamp: '2021-10-31T16:47:30.084Z'
}
{
  message: 'unknown api',
  level: '\x1B[32minfo\x1B[39m',
  label: 'right meow!',
  timestamp: '2021-10-31T16:47:30.153Z'
}
{
  message: 'unknown api',
  level: '\x1B[32minfo\x1B[39m',
  label: 'right meow!',
  timestamp: '2021-10-31T16:47:30.230Z'
}
{
  message: 'unknown api',
  level: '\x1B[32minfo\x1B[39m',
  label: 'right meow!',
  timestamp: '2021-10-31T16:47:30.306Z'
}
{
  message: 'unknown api',
  level: '\x1B[32minfo\x1B[39m',
  label: 'right meow!',
  timestamp: '2021-10-31T16:47:30.397Z'
}
{
  message: 'unknown api',
  level: '\x1B[32minfo\x1B[39m',
  label: 'right meow!',
  timestamp: '2021-10-31T16:47:30.476Z'
}
{
  message: 'unknown api',
  level: '\x1B[32minfo\x1B[39m',
  label: 'right meow!',
  timestamp: '2021-10-31T16:47:30.538Z'
}
{
  message: 'unknown api',
  level: '\x1B[32minfo\x1B[39m',
  label: 'right meow!',
  timestamp: '2021-10-31T16:47:30.615Z'
}
{
  message: 'unknown api',
  level: '\x1B[32minfo\x1B[39m',
  label: 'right meow!',
  timestamp: '2021-10-31T16:47:30.695Z'
}
{
  message: 'unknown api',
  level: '\x1B[32minfo\x1B[39m',
  label: 'right meow!',
  timestamp: '2021-10-31T16:47:30.747Z'
}
{
  message: 'unknown api',
  level: '\x1B[32minfo\x1B[39m',
  label: 'right meow!',
  timestamp: '2021-10-31T16:47:30.810Z'
}
{
  message: 'unknown api',
  level: '\x1B[32minfo\x1B[39m',
  label: 'right meow!',
  timestamp: '2021-10-31T16:47:30.872Z'
}
{
  message: 'unknown api',
  level: '\x1B[32minfo\x1B[39m',
  label: 'right meow!',
  timestamp: '2021-10-31T16:47:30.961Z'
}
{
  message: 'unknown api',
  level: '\x1B[32minfo\x1B[39m',
  label: 'right meow!',
  timestamp: '2021-10-31T16:47:31.038Z'
}
{
  message: 'unknown api',
  level: '\x1B[32minfo\x1B[39m',
  label: 'right meow!',
  timestamp: '2021-10-31T16:47:31.085Z'
}
{
  message: 'unknown api',
  level: '\x1B[32minfo\x1B[39m',
  label: 'right meow!',
  timestamp: '2021-10-31T16:47:31.160Z'
}
{
  message: 'unknown api',
  level: '\x1B[32minfo\x1B[39m',
  label: 'right meow!',
  timestamp: '2021-10-31T16:47:31.209Z'
}
{
  message: 'unknown api',
  level: '\x1B[32minfo\x1B[39m',
  label: 'right meow!',
  timestamp: '2021-10-31T16:47:31.278Z'
}
{
  message: 'unknown api',
  level: '\x1B[32minfo\x1B[39m',
  label: 'right meow!',
  timestamp: '2021-10-31T16:47:31.365Z'
}
{
  message: 'unknown api',
  level: '\x1B[32minfo\x1B[39m',
  label: 'right meow!',
  timestamp: '2021-10-31T16:47:31.428Z'
}
{
  message: 'unknown api',
  level: '\x1B[32minfo\x1B[39m',
  label: 'right meow!',
  timestamp: '2021-10-31T16:47:31.494Z'
}
{
  message: 'unknown api',
  level: '\x1B[32minfo\x1B[39m',
  label: 'right meow!',
  timestamp: '2021-10-31T16:47:31.585Z'
}
{
  message: 'unknown api',
  level: '\x1B[32minfo\x1B[39m',
  label: 'right meow!',
  timestamp: '2021-10-31T16:47:31.665Z'
}
{
  message: 'unknown api',
  level: '\x1B[32minfo\x1B[39m',
  label: 'right meow!',
  timestamp: '2021-10-31T16:47:31.729Z'
}
{
  message: 'unknown api',
  level: '\x1B[32minfo\x1B[39m',
  label: 'right meow!',
  timestamp: '2021-10-31T16:47:31.801Z'
}
{
  message: 'unknown api',
  level: '\x1B[32minfo\x1B[39m',
  label: 'right meow!',
  timestamp: '2021-10-31T16:47:31.878Z'
}
{
  message: 'unknown api',
  level: '\x1B[32minfo\x1B[39m',
  label: 'right meow!',
  timestamp: '2021-10-31T16:47:31.947Z'
}
{
  message: 'unknown api',
  level: '\x1B[32minfo\x1B[39m',
  label: 'right meow!',
  timestamp: '2021-10-31T16:47:32.024Z'
}
{
  message: 'unknown api',
  level: '\x1B[32minfo\x1B[39m',
  label: 'right meow!',
  timestamp: '2021-10-31T16:47:32.155Z'
}
{
  message: 'unknown api',
  level: '\x1B[32minfo\x1B[39m',
  label: 'right meow!',
  timestamp: '2021-10-31T16:47:32.227Z'
}
{
  message: 'unknown api',
  level: '\x1B[32minfo\x1B[39m',
  label: 'right meow!',
  timestamp: '2021-10-31T16:47:32.315Z'
}
{
  message: 'unknown api',
  level: '\x1B[32minfo\x1B[39m',
  label: 'right meow!',
  timestamp: '2021-10-31T16:47:32.405Z'
}
{
  message: 'unknown api',
  level: '\x1B[32minfo\x1B[39m',
  label: 'right meow!',
  timestamp: '2021-10-31T16:47:32.466Z'
}
{
  message: 'read data from database',
  level: '\x1B[32minfo\x1B[39m',
  label: 'right meow!',
  timestamp: '2021-11-02T07:52:04.383Z'
}
{
  message: 'read data from database',
  level: '\x1B[32minfo\x1B[39m',
  label: 'right meow!',
  timestamp: '2021-11-02T07:53:58.736Z'
}
{
  message: 'read data from database',
  level: '\x1B[32minfo\x1B[39m',
  label: 'right meow!',
  timestamp: '2021-11-02T07:54:17.085Z'
}
{
  message: 'read data from database',
  level: '\x1B[32minfo\x1B[39m',
  label: 'right meow!',
  timestamp: '2021-11-02T07:57:17.085Z'
}
{
  message: 'read data from database',
  level: '\x1B[32minfo\x1B[39m',
  label: 'right meow!',
  timestamp: '2021-11-02T08:00:24.622Z'
}
{
  message: 'read data from database',
  level: '\x1B[32minfo\x1B[39m',
  label: 'right meow!',
  timestamp: '2021-11-02T08:00:35.382Z'
}
{
  message: 'read data from database',
  level: '\x1B[32minfo\x1B[39m',
  label: 'right meow!',
  timestamp: '2021-11-02T08:02:35.492Z'
}
{
  message: 'read data from database',
  level: '\x1B[32minfo\x1B[39m',
  label: 'right meow!',
  timestamp: '2021-11-02T08:02:42.551Z'
}
{
  message: 'read data from database',
  level: '\x1B[32minfo\x1B[39m',
  label: 'right meow!',
  timestamp: '2021-11-02T08:02:48.061Z'
}
{
  message: 'read data from database',
  level: '\x1B[32minfo\x1B[39m',
  label: 'right meow!',
  timestamp: '2021-11-02T08:04:26.502Z'
}
{
  message: 'read data from database',
  level: '\x1B[32minfo\x1B[39m',
  label: 'right meow!',
  timestamp: '2021-11-02T08:07:10.262Z'
}
{
  message: 'read data from database',
  level: '\x1B[32minfo\x1B[39m',
  label: 'right meow!',
  timestamp: '2021-11-02T08:08:48.504Z'
}
{
  message: 'read data from database',
  level: '\x1B[32minfo\x1B[39m',
  label: 'right meow!',
  timestamp: '2021-11-02T08:33:37.989Z'
}
{
  message: 'read data from database',
  level: '\x1B[32minfo\x1B[39m',
  label: 'right meow!',
  timestamp: '2021-11-02T08:47:44.152Z'
}
{
  message: 'read data from database',
  level: '\x1B[32minfo\x1B[39m',
  label: 'right meow!',
  timestamp: '2021-11-02T08:47:57.505Z'
}
{
  message: 'read data from database',
  level: '\x1B[32minfo\x1B[39m',
  label: 'right meow!',
  timestamp: '2021-11-02T08:49:18.258Z'
}
{
  message: 'read data from database',
  level: '\x1B[32minfo\x1B[39m',
  label: 'right meow!',
  timestamp: '2021-11-02T08:49:55.433Z'
}
{
  message: 'read data from database',
  level: '\x1B[32minfo\x1B[39m',
  label: 'right meow!',
  timestamp: '2021-11-02T08:50:08.784Z'
}
{
  message: 'read data from database',
  level: '\x1B[32minfo\x1B[39m',
  label: 'right meow!',
  timestamp: '2021-11-02T08:52:22.009Z'
}
{
  message: 'read data from database',
  level: '\x1B[32minfo\x1B[39m',
  label: 'right meow!',
  timestamp: '2021-11-02T08:52:35.400Z'
}
{
  message: 'read data from database',
  level: '\x1B[32minfo\x1B[39m',
  label: 'right meow!',
  timestamp: '2021-11-02T10:30:08.388Z'
}
{
  message: 'read data from database',
  level: '\x1B[32minfo\x1B[39m',
  label: 'right meow!',
  timestamp: '2021-11-02T10:35:22.911Z'
}
{
  message: 'read data from database',
  level: '\x1B[32minfo\x1B[39m',
  label: 'right meow!',
  timestamp: '2021-11-02T10:38:00.708Z'
}
{
  message: 'read data from database',
  level: '\x1B[32minfo\x1B[39m',
  label: 'right meow!',
  timestamp: '2021-11-02T10:40:33.863Z'
}
{
  message: 'read data from database',
  level: '\x1B[32minfo\x1B[39m',
  label: 'right meow!',
  timestamp: '2021-11-02T10:42:41.124Z'
}
{
  message: 'read data from database',
  level: '\x1B[32minfo\x1B[39m',
  label: 'right meow!',
  timestamp: '2021-11-02T10:45:19.321Z'
}
{
  message: 'read data from database',
  level: '\x1B[32minfo\x1B[39m',
  label: 'right meow!',
  timestamp: '2021-11-02T10:48:15.644Z'
}
{
  message: 'read data from database',
  level: '\x1B[32minfo\x1B[39m',
  label: 'right meow!',
  timestamp: '2021-11-02T10:48:54.769Z'
}
{
  message: 'read data from database',
  level: '\x1B[32minfo\x1B[39m',
  label: 'right meow!',
  timestamp: '2021-11-02T10:49:02.244Z'
}
{
  message: 'read data from database',
  level: '\x1B[32minfo\x1B[39m',
  label: 'right meow!',
  timestamp: '2021-11-02T10:49:24.480Z'
}
{
  message: 'read data from database',
  level: '\x1B[32minfo\x1B[39m',
  label: 'right meow!',
  timestamp: '2021-11-02T10:50:12.246Z'
}
{
  message: 'read data from database',
  level: '\x1B[32minfo\x1B[39m',
  label: 'right meow!',
  timestamp: '2021-11-02T10:50:58.310Z'
}
{
  message: 'read data from database',
  level: '\x1B[32minfo\x1B[39m',
  label: 'right meow!',
  timestamp: '2021-11-02T10:54:58.341Z'
}
{
  message: 'read data from database',
  level: '\x1B[32minfo\x1B[39m',
  label: 'right meow!',
  timestamp: '2021-11-02T10:56:07.462Z'
}
{
  message: 'read data from database',
  level: '\x1B[32minfo\x1B[39m',
  label: 'right meow!',
  timestamp: '2021-11-02T10:57:57.783Z'
}
{
  message: 'read data from database',
  level: '\x1B[32minfo\x1B[39m',
  label: 'right meow!',
  timestamp: '2021-11-02T11:01:10.309Z'
}
{
  message: 'read data from database',
  level: '\x1B[32minfo\x1B[39m',
  label: 'right meow!',
  timestamp: '2021-11-02T11:03:25.692Z'
}
{
  message: 'read data from database',
  level: '\x1B[32minfo\x1B[39m',
  label: 'right meow!',
  timestamp: '2021-11-02T11:04:26.132Z'
}
{
  message: 'read data from database',
  level: '\x1B[32minfo\x1B[39m',
  label: 'right meow!',
  timestamp: '2021-11-02T11:05:45.778Z'
}
{
  message: 'read data from database',
  level: '\x1B[32minfo\x1B[39m',
  label: 'right meow!',
  timestamp: '2021-11-02T11:07:32.898Z'
}
{
  message: 'read data from database',
  level: '\x1B[32minfo\x1B[39m',
  label: 'right meow!',
  timestamp: '2021-11-02T11:16:17.230Z'
}
{
  message: 'read data from database',
  level: '\x1B[32minfo\x1B[39m',
  label: 'right meow!',
  timestamp: '2021-11-02T14:41:37.995Z'
}
{
  message: 'read data from database',
  level: '\x1B[32minfo\x1B[39m',
  label: 'right meow!',
  timestamp: '2021-11-02T14:47:19.414Z'
}
{
  message: 'read data from database',
  level: '\x1B[32minfo\x1B[39m',
  label: 'right meow!',
  timestamp: '2021-11-02T14:49:14.536Z'
}
{
  message: 'read data from database',
  level: '\x1B[32minfo\x1B[39m',
  label: 'right meow!',
  timestamp: '2021-11-02T14:53:09.151Z'
}
{
  message: 'read data from database',
  level: '\x1B[32minfo\x1B[39m',
  label: 'right meow!',
  timestamp: '2021-11-02T14:56:02.581Z'
}
{
  message: 'read data from database',
  level: '\x1B[32minfo\x1B[39m',
  label: 'right meow!',
  timestamp: '2021-11-02T14:56:13.304Z'
}
{
  message: 'read data from database',
  level: '\x1B[32minfo\x1B[39m',
  label: 'right meow!',
  timestamp: '2021-11-02T14:57:05.929Z'
}
{
  message: 'read data from database',
  level: '\x1B[32minfo\x1B[39m',
  label: 'right meow!',
  timestamp: '2021-11-02T14:58:25.169Z'
}
{
  message: 'read data from database',
  level: '\x1B[32minfo\x1B[39m',
  label: 'right meow!',
  timestamp: '2021-11-02T14:59:04.917Z'
}
{
  message: 'read data from database',
  level: '\x1B[32minfo\x1B[39m',
  label: 'right meow!',
  timestamp: '2021-11-02T15:00:34.668Z'
}
{
  message: 'read data from database',
  level: '\x1B[32minfo\x1B[39m',
  label: 'right meow!',
  timestamp: '2021-11-02T15:01:27.710Z'
}
{
  message: 'read data from database',
  level: '\x1B[32minfo\x1B[39m',
  label: 'right meow!',
  timestamp: '2021-11-02T15:09:24.067Z'
}
{
  message: 'read data from database',
  level: '\x1B[32minfo\x1B[39m',
  label: 'right meow!',
  timestamp: '2021-11-02T15:10:39.111Z'
}
{
  message: 'read data from database',
  level: '\x1B[32minfo\x1B[39m',
  label: 'right meow!',
  timestamp: '2021-11-02T15:13:18.475Z'
}
{
  message: 'read data from database',
  level: '\x1B[32minfo\x1B[39m',
  label: 'right meow!',
  timestamp: '2021-11-02T15:14:08.339Z'
}
{
  message: 'read data from database',
  level: '\x1B[32minfo\x1B[39m',
  label: 'right meow!',
  timestamp: '2021-11-03T05:43:34.733Z'
}
{
  message: 'read data from database',
  level: '\x1B[32minfo\x1B[39m',
  label: 'right meow!',
  timestamp: '2021-11-03T05:45:37.722Z'
}
{
  message: 'read data from database',
  level: '\x1B[32minfo\x1B[39m',
  label: 'right meow!',
  timestamp: '2021-11-03T05:45:41.090Z'
}
{
  message: 'read data from database',
  level: '\x1B[32minfo\x1B[39m',
  label: 'right meow!',
  timestamp: '2021-11-03T05:46:22.482Z'
}
{
  message: 'read data from database',
  level: '\x1B[32minfo\x1B[39m',
  label: 'right meow!',
  timestamp: '2021-11-03T05:46:29.107Z'
}
{
  message: 'read data from database',
  level: '\x1B[32minfo\x1B[39m',
  label: 'right meow!',
  timestamp: '2021-11-03T05:48:12.949Z'
}
{
  message: 'read data from database',
  level: '\x1B[32minfo\x1B[39m',
  label: 'right meow!',
  timestamp: '2021-11-03T05:49:01.188Z'
}
{
  message: 'read data from database',
  level: '\x1B[32minfo\x1B[39m',
  label: 'right meow!',
  timestamp: '2021-11-03T06:10:29.285Z'
}
{
  message: 'read data from database',
  level: '\x1B[32minfo\x1B[39m',
  label: 'right meow!',
  timestamp: '2021-11-03T06:10:35.899Z'
}
{
  message: 'read data from database',
  level: '\x1B[32minfo\x1B[39m',
  label: 'right meow!',
  timestamp: '2021-11-03T06:12:26.969Z'
}
{
  message: 'read data from database',
  level: '\x1B[32minfo\x1B[39m',
  label: 'right meow!',
  timestamp: '2021-11-03T06:12:35.220Z'
}
{
  message: 'read data from database',
  level: '\x1B[32minfo\x1B[39m',
  label: 'right meow!',
  timestamp: '2021-11-03T06:28:18.709Z'
}
{
  message: 'read data from database',
  level: '\x1B[32minfo\x1B[39m',
  label: 'right meow!',
  timestamp: '2021-11-03T06:29:49.619Z'
}
{
  message: 'read data from database',
  level: '\x1B[32minfo\x1B[39m',
  label: 'right meow!',
  timestamp: '2021-11-03T07:26:03.721Z'
}
{
  message: 'read data from database',
  level: '\x1B[32minfo\x1B[39m',
  label: 'right meow!',
  timestamp: '2021-11-03T07:28:07.595Z'
}
{
  message: 'read data from database',
  level: '\x1B[32minfo\x1B[39m',
  label: 'right meow!',
  timestamp: '2021-11-03T07:30:03.149Z'
}
{
  message: 'read data from database',
  level: '\x1B[32minfo\x1B[39m',
  label: 'right meow!',
  timestamp: '2021-11-03T08:02:45.210Z'
}
{
  message: 'read data from database',
  level: '\x1B[32minfo\x1B[39m',
  label: 'right meow!',
  timestamp: '2021-11-03T08:10:32.722Z'
}
{
  message: 'read data from database',
  level: '\x1B[32minfo\x1B[39m',
  label: 'right meow!',
  timestamp: '2021-11-03T08:14:12.885Z'
}
{
  message: 'read data from database',
  level: '\x1B[32minfo\x1B[39m',
  label: 'right meow!',
  timestamp: '2021-11-03T08:20:54.067Z'
}
{
  message: 'read data from database',
  level: '\x1B[32minfo\x1B[39m',
  label: 'right meow!',
  timestamp: '2021-11-03T08:22:10.610Z'
}
{
  message: 'read data from database',
  level: '\x1B[32minfo\x1B[39m',
  label: 'right meow!',
  timestamp: '2021-11-03T08:22:52.290Z'
}
{
  message: 'read data from database',
  level: '\x1B[32minfo\x1B[39m',
  label: 'right meow!',
  timestamp: '2021-11-03T08:24:43.543Z'
}
{
  message: 'read data from database',
  level: '\x1B[32minfo\x1B[39m',
  label: 'right meow!',
  timestamp: '2021-11-03T08:25:48.483Z'
}
{
  message: 'read data from database',
  level: '\x1B[32minfo\x1B[39m',
  label: 'right meow!',
  timestamp: '2021-11-03T08:31:06.966Z'
}
{
  message: 'read data from database',
  level: '\x1B[32minfo\x1B[39m',
  label: 'right meow!',
  timestamp: '2021-11-03T08:32:00.972Z'
}
{
  message: 'read data from database',
  level: '\x1B[32minfo\x1B[39m',
  label: 'right meow!',
  timestamp: '2021-11-03T08:33:37.671Z'
}
{
  message: 'read data from database',
  level: '\x1B[32minfo\x1B[39m',
  label: 'right meow!',
  timestamp: '2021-11-03T08:34:26.855Z'
}
{
  message: 'read data from database',
  level: '\x1B[32minfo\x1B[39m',
  label: 'right meow!',
  timestamp: '2021-11-03T08:35:43.851Z'
}
{
  message: 'read data from database',
  level: '\x1B[32minfo\x1B[39m',
  label: 'right meow!',
  timestamp: '2021-11-03T08:35:48.449Z'
}
{
  message: 'read data from database',
  level: '\x1B[32minfo\x1B[39m',
  label: 'right meow!',
  timestamp: '2021-11-03T08:36:34.317Z'
}
{
  message: 'read data from database',
  level: '\x1B[32minfo\x1B[39m',
  label: 'right meow!',
  timestamp: '2021-11-03T08:38:13.255Z'
}
{
  message: 'read data from database',
  level: '\x1B[32minfo\x1B[39m',
  label: 'right meow!',
  timestamp: '2021-11-03T08:38:47.467Z'
}
{
  message: 'read data from database',
  level: '\x1B[32minfo\x1B[39m',
  label: 'right meow!',
  timestamp: '2021-11-03T08:40:26.779Z'
}
{
  message: 'read data from database',
  level: '\x1B[32minfo\x1B[39m',
  label: 'right meow!',
  timestamp: '2021-11-03T08:41:54.681Z'
}
{
  message: 'read data from database',
  level: '\x1B[32minfo\x1B[39m',
  label: 'right meow!',
  timestamp: '2021-11-03T08:44:29.547Z'
}
{
  message: 'read data from database',
  level: '\x1B[32minfo\x1B[39m',
  label: 'right meow!',
  timestamp: '2021-11-03T08:46:04.678Z'
}
{
  message: 'read data from database',
  level: '\x1B[32minfo\x1B[39m',
  label: 'right meow!',
  timestamp: '2021-11-03T08:51:38.450Z'
}
{
  message: 'gell all data',
  level: '\x1B[32minfo\x1B[39m',
  label: 'right meow!',
  timestamp: '2021-11-04T06:18:53.970Z'
}
{
  message: 'read data from database',
  level: '\x1B[32minfo\x1B[39m',
  label: 'right meow!',
  timestamp: '2021-11-04T06:19:22.826Z'
}
{
  message: 'gell all data',
  level: '\x1B[32minfo\x1B[39m',
  label: 'right meow!',
  timestamp: '2021-11-09T15:36:11.230Z'
}
{
  message: 'gell all data',
  level: '\x1B[32minfo\x1B[39m',
  label: 'right meow!',
  timestamp: '2021-11-09T15:36:51.066Z'
}
{
  message: 'read data from database',
  level: '\x1B[32minfo\x1B[39m',
  label: 'right meow!',
  timestamp: '2021-11-09T15:37:17.240Z'
}
{
  message: 'gell all data',
  level: '\x1B[32minfo\x1B[39m',
  label: 'right meow!',
  timestamp: '2021-11-09T15:39:01.073Z'
}
{
  message: 'gell all data',
  level: '\x1B[32minfo\x1B[39m',
  label: 'right meow!',
  timestamp: '2021-11-09T18:15:38.902Z'
}
{
  message: 'gell all data',
  level: '\x1B[32minfo\x1B[39m',
  label: 'right meow!',
  timestamp: '2021-11-09T18:19:33.898Z'
}
{
  message: 'gell all data',
  level: '\x1B[32minfo\x1B[39m',
  label: 'right meow!',
  timestamp: '2021-11-09T18:25:42.473Z'
}
{
  message: 'gell all data',
  level: '\x1B[32minfo\x1B[39m',
  label: 'right meow!',
  timestamp: '2021-11-09T18:27:28.902Z'
}
{
  message: 'gell all data',
  level: '\x1B[32minfo\x1B[39m',
  label: 'right meow!',
  timestamp: '2021-11-09T18:40:39.189Z'
}
{
  message: 'gell all data',
  level: '\x1B[32minfo\x1B[39m',
  label: 'right meow!',
  timestamp: '2021-11-09T18:42:12.562Z'
}
{
  message: 'gell all data',
  level: '\x1B[32minfo\x1B[39m',
  label: 'right meow!',
  timestamp: '2021-11-09T18:44:28.215Z'
}
{
  message: 'gell all data',
  level: '\x1B[32minfo\x1B[39m',
  label: 'right meow!',
  timestamp: '2021-11-09T18:45:29.876Z'
}
{
  message: 'gell all data',
  level: '\x1B[32minfo\x1B[39m',
  label: 'right meow!',
  timestamp: '2021-11-09T18:46:32.199Z'
}
{
  message: 'gell all data',
  level: '\x1B[32minfo\x1B[39m',
  label: 'right meow!',
  timestamp: '2021-11-09T19:03:27.554Z'
}
{
  message: 'gell all data',
  level: '\x1B[32minfo\x1B[39m',
  label: 'right meow!',
  timestamp: '2021-11-09T19:04:33.254Z'
}
{
  message: 'gell all data',
  level: '\x1B[32minfo\x1B[39m',
  label: 'right meow!',
  timestamp: '2021-11-09T19:08:58.787Z'
}
{
  message: 'gell all data',
  level: '\x1B[32minfo\x1B[39m',
  label: 'right meow!',
  timestamp: '2021-11-09T19:09:51.127Z'
}
{
  message: 'gell all data',
  level: '\x1B[32minfo\x1B[39m',
  label: 'right meow!',
  timestamp: '2021-11-09T19:11:01.877Z'
}
{
  message: 'gell all data',
  level: '\x1B[32minfo\x1B[39m',
  label: 'right meow!',
  timestamp: '2021-11-10T02:42:08.956Z'
}
{
  message: 'gell all data',
  level: '\x1B[32minfo\x1B[39m',
  label: 'right meow!',
  timestamp: '2021-11-10T02:47:46.630Z'
}
{
  message: 'gell all data',
  level: '\x1B[32minfo\x1B[39m',
  label: 'right meow!',
  timestamp: '2021-11-10T02:51:58.453Z'
}
{
  message: 'gell all data',
  level: '\x1B[32minfo\x1B[39m',
  label: 'right meow!',
  timestamp: '2021-11-10T03:23:46.830Z'
}
{
  message: 'gell all data',
  level: '\x1B[32minfo\x1B[39m',
  label: 'right meow!',
  timestamp: '2021-11-10T03:28:23.937Z'
}
{
  message: 'gell all data',
  level: '\x1B[32minfo\x1B[39m',
  label: 'right meow!',
  timestamp: '2021-11-10T03:28:27.857Z'
}
{
  message: 'gell all data',
  level: '\x1B[32minfo\x1B[39m',
  label: 'right meow!',
  timestamp: '2021-11-10T03:30:16.539Z'
}
{
  message: 'gell all data',
  level: '\x1B[32minfo\x1B[39m',
  label: 'right meow!',
  timestamp: '2021-11-10T03:30:18.913Z'
}
{
  message: 'gell all data',
  level: '\x1B[32minfo\x1B[39m',
  label: 'right meow!',
  timestamp: '2021-11-10T03:31:54.785Z'
}
{
  message: 'gell all data',
  level: '\x1B[32minfo\x1B[39m',
  label: 'right meow!',
  timestamp: '2021-11-10T03:32:00.310Z'
}
{
  message: 'gell all data',
  level: '\x1B[32minfo\x1B[39m',
  label: 'right meow!',
  timestamp: '2021-11-10T03:34:25.204Z'
}
{
  message: 'gell all data',
  level: '\x1B[32minfo\x1B[39m',
  label: 'right meow!',
  timestamp: '2021-11-10T03:37:14.325Z'
}
{
  message: 'gell all data',
  level: '\x1B[32minfo\x1B[39m',
  label: 'right meow!',
  timestamp: '2021-11-10T03:41:48.938Z'
}
{
  message: 'gell all data',
  level: '\x1B[32minfo\x1B[39m',
  label: 'right meow!',
  timestamp: '2021-11-10T03:41:53.246Z'
}
{
  message: 'gell all data',
  level: '\x1B[32minfo\x1B[39m',
  label: 'right meow!',
  timestamp: '2021-11-10T03:42:42.857Z'
}
{
  message: 'gell all data',
  level: '\x1B[32minfo\x1B[39m',
  label: 'right meow!',
  timestamp: '2021-11-10T03:42:45.635Z'
}
{
  message: 'gell all data',
  level: '\x1B[32minfo\x1B[39m',
  label: 'right meow!',
  timestamp: '2021-11-10T03:44:36.208Z'
}
{
  message: 'gell all data',
  level: '\x1B[32minfo\x1B[39m',
  label: 'right meow!',
  timestamp: '2021-11-10T03:44:47.966Z'
}
{
  message: 'gell all data',
  level: '\x1B[32minfo\x1B[39m',
  label: 'right meow!',
  timestamp: '2021-11-10T03:45:03.863Z'
}
{
  message: 'gell all data',
  level: '\x1B[32minfo\x1B[39m',
  label: 'right meow!',
  timestamp: '2021-11-10T03:46:06.130Z'
}
{
  message: 'gell all data',
  level: '\x1B[32minfo\x1B[39m',
  label: 'right meow!',
  timestamp: '2021-11-10T03:46:58.630Z'
}
{
  message: 'gell all data',
  level: '\x1B[32minfo\x1B[39m',
  label: 'right meow!',
  timestamp: '2021-11-10T03:50:12.819Z'
}
{
  message: 'gell all data',
  level: '\x1B[32minfo\x1B[39m',
  label: 'right meow!',
  timestamp: '2021-11-10T03:52:08.562Z'
}
{
  message: 'gell all data',
  level: '\x1B[32minfo\x1B[39m',
  label: 'right meow!',
  timestamp: '2021-11-10T03:52:15.619Z'
}
{
  message: 'gell all data',
  level: '\x1B[32minfo\x1B[39m',
  label: 'right meow!',
  timestamp: '2021-11-10T03:52:19.258Z'
}
{
  message: 'gell all data',
  level: '\x1B[32minfo\x1B[39m',
  label: 'right meow!',
  timestamp: '2021-11-10T03:53:33.320Z'
}
{
  message: 'gell all data',
  level: '\x1B[32minfo\x1B[39m',
  label: 'right meow!',
  timestamp: '2021-11-10T03:54:17.900Z'
}
{
  message: 'gell all data',
  level: '\x1B[32minfo\x1B[39m',
  label: 'right meow!',
  timestamp: '2021-11-10T03:55:42.059Z'
}
{
  message: 'gell all data',
  level: '\x1B[32minfo\x1B[39m',
  label: 'right meow!',
  timestamp: '2021-11-10T03:56:39.926Z'
}
{
  message: 'gell all data',
  level: '\x1B[32minfo\x1B[39m',
  label: 'right meow!',
  timestamp: '2021-11-10T03:58:43.382Z'
}
{
  message: 'gell all data',
  level: '\x1B[32minfo\x1B[39m',
  label: 'right meow!',
  timestamp: '2021-11-10T03:58:51.885Z'
}
{
  message: 'gell all data',
  level: '\x1B[32minfo\x1B[39m',
  label: 'right meow!',
  timestamp: '2021-11-10T04:00:19.316Z'
}
{
  message: 'gell all data',
  level: '\x1B[32minfo\x1B[39m',
  label: 'right meow!',
  timestamp: '2021-11-10T04:01:35.686Z'
}
{
  message: 'gell all data',
  level: '\x1B[32minfo\x1B[39m',
  label: 'right meow!',
  timestamp: '2021-11-10T04:02:38.372Z'
}
{
  message: 'gell all data',
  level: '\x1B[32minfo\x1B[39m',
  label: 'right meow!',
  timestamp: '2021-11-10T04:02:42.959Z'
}
{
  message: 'gell all data',
  level: '\x1B[32minfo\x1B[39m',
  label: 'right meow!',
  timestamp: '2021-11-10T04:53:22.614Z'
}
{
  message: 'gell all data',
  level: '\x1B[32minfo\x1B[39m',
  label: 'right meow!',
  timestamp: '2021-11-10T04:53:26.857Z'
}
{
  message: 'gell all data',
  level: '\x1B[32minfo\x1B[39m',
  label: 'right meow!',
  timestamp: '2021-11-10T04:55:00.604Z'
}
{
  message: 'gell all data',
  level: '\x1B[32minfo\x1B[39m',
  label: 'right meow!',
  timestamp: '2021-11-10T04:56:06.034Z'
}
{
  message: 'gell all data',
  level: '\x1B[32minfo\x1B[39m',
  label: 'right meow!',
  timestamp: '2021-11-10T04:56:08.651Z'
}
{
  message: 'gell all data',
  level: '\x1B[32minfo\x1B[39m',
  label: 'right meow!',
  timestamp: '2021-11-10T04:57:57.537Z'
}
{
  message: 'gell all data',
  level: '\x1B[32minfo\x1B[39m',
  label: 'right meow!',
  timestamp: '2021-11-10T04:59:32.090Z'
}
{
  message: 'gell all data',
  level: '\x1B[32minfo\x1B[39m',
  label: 'right meow!',
  timestamp: '2021-11-10T05:00:38.174Z'
}
{
  message: 'gell all data',
  level: '\x1B[32minfo\x1B[39m',
  label: 'right meow!',
  timestamp: '2021-11-10T05:07:50.764Z'
}
{
  message: 'gell all data',
  level: '\x1B[32minfo\x1B[39m',
  label: 'right meow!',
  timestamp: '2021-11-10T05:09:43.262Z'
}
{
  message: 'gell all data',
  level: '\x1B[32minfo\x1B[39m',
  label: 'right meow!',
  timestamp: '2021-11-10T05:11:13.760Z'
}
{
  message: 'gell all data',
  level: '\x1B[32minfo\x1B[39m',
  label: 'right meow!',
  timestamp: '2021-11-10T05:13:26.486Z'
}
{
  message: 'gell all data',
  level: '\x1B[32minfo\x1B[39m',
  label: 'right meow!',
  timestamp: '2021-11-10T05:14:49.608Z'
}
{
  message: 'gell all data',
  level: '\x1B[32minfo\x1B[39m',
  label: 'right meow!',
  timestamp: '2021-11-10T05:16:17.454Z'
}
{
  message: 'gell all data',
  level: '\x1B[32minfo\x1B[39m',
  label: 'right meow!',
  timestamp: '2021-11-10T05:21:23.885Z'
}
{
  message: 'gell all data',
  level: '\x1B[32minfo\x1B[39m',
  label: 'right meow!',
  timestamp: '2021-11-10T05:22:07.144Z'
}
{
  message: 'gell all data',
  level: '\x1B[32minfo\x1B[39m',
  label: 'right meow!',
  timestamp: '2021-11-10T05:22:09.398Z'
}
{
  message: 'gell all data',
  level: '\x1B[32minfo\x1B[39m',
  label: 'right meow!',
  timestamp: '2021-11-10T05:22:44.322Z'
}
{
  message: 'gell all data',
  level: '\x1B[32minfo\x1B[39m',
  label: 'right meow!',
  timestamp: '2021-11-10T05:26:58.256Z'
}
{
  message: 'delete user data with email undefined',
  level: '\x1B[32minfo\x1B[39m',
  label: 'right meow!',
  timestamp: '2021-11-10T05:47:41.209Z'
}
{
  message: 'delete user data with email 1',
  level: '\x1B[32minfo\x1B[39m',
  label: 'right meow!',
  timestamp: '2021-11-10T05:49:00.909Z'
}
{
  message: 'delete user data with email 1',
  level: '\x1B[32minfo\x1B[39m',
  label: 'right meow!',
  timestamp: '2021-11-10T05:49:04.515Z'
}
{
  message: 'gell all data',
  level: '\x1B[32minfo\x1B[39m',
  label: 'right meow!',
  timestamp: '2021-11-10T08:02:16.856Z'
}
{
  message: 'gell all data',
  level: '\x1B[32minfo\x1B[39m',
  label: 'right meow!',
  timestamp: '2021-11-10T08:10:12.983Z'
}
{
  message: 'gell all data',
  level: '\x1B[32minfo\x1B[39m',
  label: 'right meow!',
  timestamp: '2021-11-10T08:13:56.572Z'
}
{
  message: 'gell all data',
  level: '\x1B[32minfo\x1B[39m',
  label: 'right meow!',
  timestamp: '2021-11-10T08:18:45.199Z'
}
{
  message: 'gell all data',
  level: '\x1B[32minfo\x1B[39m',
  label: 'right meow!',
  timestamp: '2021-11-10T08:19:43.831Z'
}
{
  message: 'gell all data',
  level: '\x1B[32minfo\x1B[39m',
  label: 'right meow!',
  timestamp: '2021-11-10T08:20:55.587Z'
}
{
  message: 'delete user data with email 10',
  level: '\x1B[32minfo\x1B[39m',
  label: 'right meow!',
  timestamp: '2021-11-10T08:28:20.179Z'
}
{
  message: 'you cannot delete unknown email undefined',
  level: '\x1B[32minfo\x1B[39m',
  label: 'right meow!',
  timestamp: '2021-11-10T08:29:48.353Z'
}
{
  message: 'gell all data',
  level: '\x1B[32minfo\x1B[39m',
  label: 'right meow!',
  timestamp: '2021-11-10T11:15:34.882Z'
}
{
  message: 'gell single data by20',
  level: '\x1B[32minfo\x1B[39m',
  label: 'right meow!',
  timestamp: '2021-11-10T11:27:35.183Z'
}
{
  message: 'gell single data by2',
  level: '\x1B[32minfo\x1B[39m',
  label: 'right meow!',
  timestamp: '2021-11-10T11:31:08.986Z'
}
{
  message: 'gell single data by2',
  level: '\x1B[32minfo\x1B[39m',
  label: 'right meow!',
  timestamp: '2021-11-10T11:32:09.805Z'
}
{
  message: 'gell all data',
  level: '\x1B[32minfo\x1B[39m',
  label: 'right meow!',
  timestamp: '2021-11-10T11:41:27.546Z'
}
{
  message: 'gell single data by2',
  level: '\x1B[32minfo\x1B[39m',
  label: 'right meow!',
  timestamp: '2021-11-10T11:46:55.158Z'
}
{
  message: 'gell single data by2',
  level: '\x1B[32minfo\x1B[39m',
  label: 'right meow!',
  timestamp: '2021-11-10T11:48:59.125Z'
}
{
  message: 'gell all data',
  level: '\x1B[32minfo\x1B[39m',
  label: 'right meow!',
  timestamp: '2021-11-10T11:51:09.036Z'
}
{
  message: 'gell all data',
  level: '\x1B[32minfo\x1B[39m',
  label: 'right meow!',
  timestamp: '2021-11-10T11:51:24.371Z'
}
{
  message: 'gell all data',
  level: '\x1B[32minfo\x1B[39m',
  label: 'right meow!',
  timestamp: '2021-11-10T11:54:11.333Z'
}
{
  message: 'gell all data',
  level: '\x1B[32minfo\x1B[39m',
  label: 'right meow!',
  timestamp: '2021-11-10T11:55:20.363Z'
}
{
  message: 'gell all data',
  level: '\x1B[32minfo\x1B[39m',
  label: 'right meow!',
  timestamp: '2021-11-10T11:56:10.448Z'
}
{
  message: 'gell all data',
  level: '\x1B[32minfo\x1B[39m',
  label: 'right meow!',
  timestamp: '2021-11-10T11:56:19.385Z'
}
{
  message: 'gell all data',
  level: '\x1B[32minfo\x1B[39m',
  label: 'right meow!',
  timestamp: '2021-11-10T11:59:31.722Z'
}
{
  message: 'gell all data',
  level: '\x1B[32minfo\x1B[39m',
  label: 'right meow!',
  timestamp: '2021-11-10T12:01:24.255Z'
}
{
  message: 'gell all data',
  level: '\x1B[32minfo\x1B[39m',
  label: 'right meow!',
  timestamp: '2021-11-10T12:02:27.105Z'
}
{
  message: 'gell all data',
  level: '\x1B[32minfo\x1B[39m',
  label: 'right meow!',
  timestamp: '2021-11-10T12:03:25.037Z'
}
{
  message: 'gell all data',
  level: '\x1B[32minfo\x1B[39m',
  label: 'right meow!',
  timestamp: '2021-11-10T12:04:35.011Z'
}
{
  message: 'gell all data',
  level: '\x1B[32minfo\x1B[39m',
  label: 'right meow!',
  timestamp: '2021-11-10T12:06:00.669Z'
}
{
  message: 'gell all data',
  level: '\x1B[32minfo\x1B[39m',
  label: 'right meow!',
  timestamp: '2021-11-10T14:38:41.348Z'
}
{
  message: 'gell all data',
  level: '\x1B[32minfo\x1B[39m',
  label: 'right meow!',
  timestamp: '2021-11-10T14:40:12.231Z'
}
{
  message: 'gell all data',
  level: '\x1B[32minfo\x1B[39m',
  label: 'right meow!',
  timestamp: '2021-11-10T15:26:28.602Z'
}
{
  message: 'gell all data',
  level: '\x1B[32minfo\x1B[39m',
  label: 'right meow!',
  timestamp: '2021-11-10T15:27:44.695Z'
}
{
  message: 'gell all data',
  level: '\x1B[32minfo\x1B[39m',
  label: 'right meow!',
  timestamp: '2021-11-10T15:33:55.818Z'
}
{
  message: 'gell all data',
  level: '\x1B[32minfo\x1B[39m',
  label: 'right meow!',
  timestamp: '2021-11-10T15:40:04.286Z'
}
{
  message: 'gell all data',
  level: '\x1B[32minfo\x1B[39m',
  label: 'right meow!',
  timestamp: '2021-11-10T15:43:54.884Z'
}
{
  message: 'gell all data',
  level: '\x1B[32minfo\x1B[39m',
  label: 'right meow!',
  timestamp: '2021-11-10T16:40:44.669Z'
}
{
  message: 'gell all data',
  level: '\x1B[32minfo\x1B[39m',
  label: 'right meow!',
  timestamp: '2021-11-10T16:42:05.520Z'
}
{
  message: 'gell all data',
  level: '\x1B[32minfo\x1B[39m',
  label: 'right meow!',
  timestamp: '2021-11-10T16:50:49.148Z'
}
{
  message: 'unknown api',
  level: '\x1B[32minfo\x1B[39m',
  label: 'right meow!',
  timestamp: '2021-11-10T17:36:29.547Z'
}
{
  message: 'unknown api',
  level: '\x1B[32minfo\x1B[39m',
  label: 'right meow!',
  timestamp: '2021-11-10T17:41:20.284Z'
}
{
  message: 'unknown api',
  level: '\x1B[32minfo\x1B[39m',
  label: 'right meow!',
  timestamp: '2021-11-10T17:41:28.156Z'
}
{
  message: 'unknown api',
  level: '\x1B[32minfo\x1B[39m',
  label: 'right meow!',
  timestamp: '2021-11-10T17:41:30.713Z'
}
{
  message: 'gell all permissions',
  level: '\x1B[32minfo\x1B[39m',
  label: 'right meow!',
  timestamp: '2021-11-10T17:42:31.638Z'
}
{
  message: 'gell all data',
  level: '\x1B[32minfo\x1B[39m',
  label: 'right meow!',
  timestamp: '2021-11-10T17:44:18.949Z'
}
{
  message: 'gell all data',
  level: '\x1B[32minfo\x1B[39m',
  label: 'right meow!',
  timestamp: '2021-11-11T06:50:05.697Z'
}
{
  message: 'gell all data',
  level: '\x1B[32minfo\x1B[39m',
  label: 'right meow!',
  timestamp: '2021-11-11T06:51:06.593Z'
}
{
  message: 'gell all data',
  level: '\x1B[32minfo\x1B[39m',
  label: 'right meow!',
  timestamp: '2021-11-11T06:54:18.993Z'
}
{
  message: 'gell all data',
  level: '\x1B[32minfo\x1B[39m',
  label: 'right meow!',
  timestamp: '2021-11-11T07:29:18.176Z'
}
{
  message: 'gell all data',
  level: '\x1B[32minfo\x1B[39m',
  label: 'right meow!',
  timestamp: '2021-11-11T07:30:32.145Z'
}
{
  message: 'gell all data',
  level: '\x1B[32minfo\x1B[39m',
  label: 'right meow!',
  timestamp: '2021-11-11T07:31:24.088Z'
}
{
  message: 'gell all data',
  level: '\x1B[32minfo\x1B[39m',
  label: 'right meow!',
  timestamp: '2021-11-11T07:32:22.699Z'
}
{
  message: 'gell all data',
  level: '\x1B[32minfo\x1B[39m',
  label: 'right meow!',
  timestamp: '2021-11-11T07:33:19.727Z'
}
{
  message: 'gell all data',
  level: '\x1B[32minfo\x1B[39m',
  label: 'right meow!',
  timestamp: '2021-11-11T07:36:15.930Z'
}
{
  message: 'gell all data',
  level: '\x1B[32minfo\x1B[39m',
  label: 'right meow!',
  timestamp: '2021-11-11T07:36:23.659Z'
}
{
  message: 'gell all data',
  level: '\x1B[32minfo\x1B[39m',
  label: 'right meow!',
  timestamp: '2021-11-11T07:36:32.367Z'
}
{
  message: 'gell all data',
  level: '\x1B[32minfo\x1B[39m',
  label: 'right meow!',
  timestamp: '2021-11-11T07:40:03.908Z'
}
{
  message: 'gell all data',
  level: '\x1B[32minfo\x1B[39m',
  label: 'right meow!',
  timestamp: '2021-11-11T08:04:09.253Z'
}
{
  message: 'gell all data',
  level: '\x1B[32minfo\x1B[39m',
  label: 'right meow!',
  timestamp: '2021-11-11T08:04:58.916Z'
}
{
  message: 'unknown api',
  level: '\x1B[32minfo\x1B[39m',
  label: 'right meow!',
  timestamp: '2021-11-11T08:12:38.293Z'
}
{
  message: 'unknown api',
  level: '\x1B[32minfo\x1B[39m',
  label: 'right meow!',
  timestamp: '2021-11-11T08:13:52.446Z'
}
{
  message: 'unknown api',
  level: '\x1B[32minfo\x1B[39m',
  label: 'right meow!',
  timestamp: '2021-11-11T08:31:15.503Z'
}
{
  message: 'gell all data',
  level: '\x1B[32minfo\x1B[39m',
  label: 'right meow!',
  timestamp: '2021-11-11T08:32:53.098Z'
}
{
  message: 'gell all data',
  level: '\x1B[32minfo\x1B[39m',
  label: 'right meow!',
  timestamp: '2021-11-12T17:09:28.920Z'
}
{
  message: 'gell single data by3',
  level: '\x1B[32minfo\x1B[39m',
  label: 'right meow!',
  timestamp: '2021-11-12T17:14:29.335Z'
}
{
  message: 'gell all data',
  level: '\x1B[32minfo\x1B[39m',
  label: 'right meow!',
  timestamp: '2021-11-12T17:17:13.232Z'
}
{
  message: 'gell all data',
  level: '\x1B[32minfo\x1B[39m',
  label: 'right meow!',
  timestamp: '2021-11-12T17:17:33.010Z'
}
