{
  message: 'gell all data',
  level: '\x1B[32minfo\x1B[39m',
  label: 'right meow!',
  timestamp: '2021-10-20T08:05:55.012Z'
}
{
  message: 'unknown api',
  level: '\x1B[32minfo\x1B[39m',
  label: 'right meow!',
  timestamp: '2021-10-20T08:13:31.441Z'
}
{
  message: 'unknown api',
  level: '\x1B[32minfo\x1B[39m',
  label: 'right meow!',
  timestamp: '2021-10-20T08:14:17.659Z'
}
{
  message: 'unknown api',
  level: '\x1B[32minfo\x1B[39m',
  label: 'right meow!',
  timestamp: '2021-10-20T08:17:03.393Z'
}
{
  message: 'unknown api',
  level: '\x1B[32minfo\x1B[39m',
  label: 'right meow!',
  timestamp: '2021-10-20T08:17:29.838Z'
}
{
  message: 'unknown api',
  level: '\x1B[32minfo\x1B[39m',
  label: 'right meow!',
  timestamp: '2021-10-25T06:32:09.448Z'
}
{
  message: 'unknown api',
  level: '\x1B[32minfo\x1B[39m',
  label: 'right meow!',
  timestamp: '2021-10-25T06:32:13.198Z'
}
{
  message: 'unknown api',
  level: '\x1B[32minfo\x1B[39m',
  label: 'right meow!',
  timestamp: '2021-10-25T06:32:44.139Z'
}
{
  message: 'gell all data',
  level: '\x1B[32minfo\x1B[39m',
  label: 'right meow!',
  timestamp: '2021-10-25T06:43:29.413Z'
}
{
  message: 'gell all data',
  level: '\x1B[32minfo\x1B[39m',
  label: 'right meow!',
  timestamp: '2021-10-25T06:52:51.942Z'
}
{
  message: 'gell all data',
  level: '\x1B[32minfo\x1B[39m',
  label: 'right meow!',
  timestamp: '2021-10-27T06:10:26.562Z'
}
{
  message: 'gell all data',
  level: '\x1B[32minfo\x1B[39m',
  label: 'right meow!',
  timestamp: '2021-10-27T06:16:05.120Z'
}
{
  message: 'gell all data',
  level: '\x1B[32minfo\x1B[39m',
  label: 'right meow!',
  timestamp: '2021-10-27T06:20:33.528Z'
}
